<?xml version="1.0" encoding="UTF-8"?>
<testng-results ignored="0" total="2" passed="2" failed="0" skipped="0">
  <reporter-output>
  </reporter-output>
  <suite started-at="2022-04-16T20:07:06 IST" name="Default suite" finished-at="2022-04-16T20:07:06 IST" duration-ms="105">
    <groups>
    </groups>
    <test started-at="2022-04-16T20:07:06 IST" name="Default test" finished-at="2022-04-16T20:07:06 IST" duration-ms="105">
      <class name="Haramkhor.Demo4Test">
        <test-method signature="test1()[pri:0, instance:Haramkhor.Demo4Test@503d687a]" started-at="2022-04-16T20:07:06 IST" name="test1" finished-at="2022-04-16T20:07:06 IST" duration-ms="18" status="PASS">
          <reporter-output>
          </reporter-output>
        </test-method> <!-- test1 -->
        <test-method signature="test2()[pri:0, instance:Haramkhor.Demo4Test@503d687a]" started-at="2022-04-16T20:07:06 IST" name="test2" finished-at="2022-04-16T20:07:06 IST" duration-ms="3" status="PASS">
          <reporter-output>
          </reporter-output>
        </test-method> <!-- test2 -->
      </class> <!-- Haramkhor.Demo4Test -->
    </test> <!-- Default test -->
  </suite> <!-- Default suite -->
</testng-results>
