<?xml version="1.0" encoding="UTF-8"?>
<testng-results ignored="0" total="1" passed="1" failed="0" skipped="0">
  <reporter-output>
  </reporter-output>
  <suite started-at="2022-03-24T02:22:19 IST" name="Default suite" finished-at="2022-03-24T02:22:19 IST" duration-ms="182">
    <groups>
    </groups>
    <test started-at="2022-03-24T02:22:19 IST" name="Default test" finished-at="2022-03-24T02:22:19 IST" duration-ms="182">
      <class name="DemoSDET31.DemoSDET31">
        <test-method signature="Demo()[pri:0, instance:DemoSDET31.DemoSDET31@37858383]" started-at="2022-03-24T02:22:19 IST" name="Demo" finished-at="2022-03-24T02:22:19 IST" duration-ms="31" status="PASS">
          <reporter-output>
          </reporter-output>
        </test-method> <!-- Demo -->
      </class> <!-- DemoSDET31.DemoSDET31 -->
    </test> <!-- Default test -->
  </suite> <!-- Default suite -->
</testng-results>
